[0809/210035.773:ERROR:process_reader_win.cc(123)] NtOpenThread: {Access Denied} A process has requested access to an object, but has not been granted those access rights. (0xc0000022)
[0809/210035.774:ERROR:exception_snapshot_win.cc(98)] thread ID 12616 not found in process
[0809/210035.948:ERROR:process_reader_win.cc(123)] NtOpenThread: {Access Denied} A process has requested access to an object, but has not been granted those access rights. (0xc0000022)
[0809/210035.948:ERROR:exception_snapshot_win.cc(98)] thread ID 24196 not found in process
[0809/210036.028:ERROR:process_reader_win.cc(123)] NtOpenThread: {Access Denied} A process has requested access to an object, but has not been granted those access rights. (0xc0000022)
[0809/210036.029:ERROR:exception_snapshot_win.cc(98)] thread ID 44384 not found in process
[0809/212022.632:ERROR:process_reader_win.cc(123)] NtOpenThread: {Access Denied} A process has requested access to an object, but has not been granted those access rights. (0xc0000022)
[0809/212022.633:ERROR:exception_snapshot_win.cc(98)] thread ID 37476 not found in process
[0809/212022.661:ERROR:process_reader_win.cc(123)] NtOpenThread: {Access Denied} A process has requested access to an object, but has not been granted those access rights. (0xc0000022)
[0809/212022.663:ERROR:exception_snapshot_win.cc(98)] thread ID 22400 not found in process
[0809/212022.702:ERROR:process_reader_win.cc(123)] NtOpenThread: {Access Denied} A process has requested access to an object, but has not been granted those access rights. (0xc0000022)
[0809/212022.704:ERROR:exception_snapshot_win.cc(98)] thread ID 44312 not found in process
[0809/212022.761:ERROR:process_reader_win.cc(123)] NtOpenThread: {Access Denied} A process has requested access to an object, but has not been granted those access rights. (0xc0000022)
[0809/212022.761:ERROR:exception_snapshot_win.cc(98)] thread ID 23368 not found in process
[0809/212023.007:ERROR:process_reader_win.cc(123)] NtOpenThread: {Access Denied} A process has requested access to an object, but has not been granted those access rights. (0xc0000022)
[0809/212023.007:ERROR:process_reader_win.cc(123)] NtOpenThread: {Access Denied} A process has requested access to an object, but has not been granted those access rights. (0xc0000022)
[0809/212023.007:ERROR:exception_snapshot_win.cc(98)] thread ID 20008 not found in process
[0809/212023.007:ERROR:exception_snapshot_win.cc(98)] thread ID 21848 not found in process
[0809/212023.012:ERROR:process_reader_win.cc(123)] NtOpenThread: {Access Denied} A process has requested access to an object, but has not been granted those access rights. (0xc0000022)
[0809/212023.012:ERROR:exception_snapshot_win.cc(98)] thread ID 39060 not found in process
[0809/212744.827:ERROR:process_reader_win.cc(123)] NtOpenThread: {Access Denied} A process has requested access to an object, but has not been granted those access rights. (0xc0000022)
[0809/212744.829:ERROR:exception_snapshot_win.cc(98)] thread ID 2096 not found in process
[0809/212744.940:ERROR:process_reader_win.cc(123)] NtOpenThread: {Access Denied} A process has requested access to an object, but has not been granted those access rights. (0xc0000022)
[0809/212744.940:ERROR:exception_snapshot_win.cc(98)] thread ID 43912 not found in process
[0809/212745.035:ERROR:process_reader_win.cc(123)] NtOpenThread: {Access Denied} A process has requested access to an object, but has not been granted those access rights. (0xc0000022)
[0809/212745.036:ERROR:exception_snapshot_win.cc(98)] thread ID 17160 not found in process
[0809/231135.395:ERROR:process_reader_win.cc(123)] NtOpenThread: {Access Denied} A process has requested access to an object, but has not been granted those access rights. (0xc0000022)
[0809/231135.398:ERROR:exception_snapshot_win.cc(98)] thread ID 18992 not found in process
[0809/231135.807:ERROR:process_reader_win.cc(123)] NtOpenThread: {Access Denied} A process has requested access to an object, but has not been granted those access rights. (0xc0000022)
[0809/231135.807:ERROR:exception_snapshot_win.cc(98)] thread ID 16012 not found in process
[0809/231136.050:ERROR:process_reader_win.cc(123)] NtOpenThread: {Access Denied} A process has requested access to an object, but has not been granted those access rights. (0xc0000022)
[0809/231136.052:ERROR:exception_snapshot_win.cc(98)] thread ID 25568 not found in process
[0809/231136.312:ERROR:process_reader_win.cc(123)] NtOpenThread: {Access Denied} A process has requested access to an object, but has not been granted those access rights. (0xc0000022)
[0809/231136.312:ERROR:exception_snapshot_win.cc(98)] thread ID 20776 not found in process
[0809/231136.545:ERROR:process_reader_win.cc(123)] NtOpenThread: {Access Denied} A process has requested access to an object, but has not been granted those access rights. (0xc0000022)
[0809/231136.546:ERROR:exception_snapshot_win.cc(98)] thread ID 20576 not found in process
[0809/231136.762:ERROR:process_reader_win.cc(123)] NtOpenThread: {Access Denied} A process has requested access to an object, but has not been granted those access rights. (0xc0000022)
[0809/231136.762:ERROR:exception_snapshot_win.cc(98)] thread ID 19476 not found in process
[0810/093359.217:ERROR:process_reader_win.cc(123)] NtOpenThread: {Access Denied} A process has requested access to an object, but has not been granted those access rights. (0xc0000022)
[0810/093359.219:ERROR:exception_snapshot_win.cc(98)] thread ID 19836 not found in process
[0810/093359.220:ERROR:process_reader_win.cc(123)] NtOpenThread: {Access Denied} A process has requested access to an object, but has not been granted those access rights. (0xc0000022)
[0810/093359.221:ERROR:exception_snapshot_win.cc(98)] thread ID 12268 not found in process
[0810/093359.281:ERROR:process_reader_win.cc(123)] NtOpenThread: {Access Denied} A process has requested access to an object, but has not been granted those access rights. (0xc0000022)
[0810/093359.281:ERROR:exception_snapshot_win.cc(98)] thread ID 23136 not found in process
[0810/093359.290:ERROR:process_reader_win.cc(123)] NtOpenThread: {Access Denied} A process has requested access to an object, but has not been granted those access rights. (0xc0000022)
[0810/093359.290:ERROR:exception_snapshot_win.cc(98)] thread ID 22188 not found in process
[0810/103547.434:ERROR:process_reader_win.cc(123)] NtOpenThread: {Access Denied} A process has requested access to an object, but has not been granted those access rights. (0xc0000022)
[0810/103547.435:ERROR:exception_snapshot_win.cc(98)] thread ID 24712 not found in process
[0810/103547.479:ERROR:process_reader_win.cc(123)] NtOpenThread: {Access Denied} A process has requested access to an object, but has not been granted those access rights. (0xc0000022)
[0810/103547.479:ERROR:exception_snapshot_win.cc(98)] thread ID 41424 not found in process
[0810/103613.193:ERROR:process_reader_win.cc(123)] NtOpenThread: {Access Denied} A process has requested access to an object, but has not been granted those access rights. (0xc0000022)
[0810/103613.194:ERROR:exception_snapshot_win.cc(98)] thread ID 17240 not found in process
[0810/103613.230:ERROR:process_reader_win.cc(123)] NtOpenThread: {Access Denied} A process has requested access to an object, but has not been granted those access rights. (0xc0000022)
[0810/103613.230:ERROR:exception_snapshot_win.cc(98)] thread ID 39224 not found in process
[0810/105421.562:ERROR:process_reader_win.cc(123)] NtOpenThread: {Access Denied} A process has requested access to an object, but has not been granted those access rights. (0xc0000022)
[0810/105421.563:ERROR:exception_snapshot_win.cc(98)] thread ID 37416 not found in process
[0810/105421.586:ERROR:process_reader_win.cc(123)] NtOpenThread: {Access Denied} A process has requested access to an object, but has not been granted those access rights. (0xc0000022)
[0810/105421.587:ERROR:exception_snapshot_win.cc(98)] thread ID 33088 not found in process
[0810/105421.586:ERROR:process_reader_win.cc(123)] NtOpenThread: {Access Denied} A process has requested access to an object, but has not been granted those access rights. (0xc0000022)
[0810/105421.587:ERROR:exception_snapshot_win.cc(98)] thread ID 16884 not found in process
[0810/105421.595:ERROR:process_reader_win.cc(123)] NtOpenThread: {Access Denied} A process has requested access to an object, but has not been granted those access rights. (0xc0000022)
[0810/105421.596:ERROR:exception_snapshot_win.cc(98)] thread ID 38728 not found in process
[0810/105421.642:ERROR:process_reader_win.cc(123)] NtOpenThread: {Access Denied} A process has requested access to an object, but has not been granted those access rights. (0xc0000022)
[0810/105421.643:ERROR:exception_snapshot_win.cc(98)] thread ID 34024 not found in process
[0810/105421.666:ERROR:process_reader_win.cc(123)] NtOpenThread: {Access Denied} A process has requested access to an object, but has not been granted those access rights. (0xc0000022)
[0810/105421.667:ERROR:exception_snapshot_win.cc(98)] thread ID 2160 not found in process
[0810/105421.709:ERROR:process_reader_win.cc(123)] NtOpenThread: {Access Denied} A process has requested access to an object, but has not been granted those access rights. (0xc0000022)
[0810/105421.709:ERROR:exception_snapshot_win.cc(98)] thread ID 24484 not found in process
[0810/105421.714:ERROR:process_reader_win.cc(123)] NtOpenThread: {Access Denied} A process has requested access to an object, but has not been granted those access rights. (0xc0000022)
[0810/105421.714:ERROR:exception_snapshot_win.cc(98)] thread ID 7200 not found in process
[0810/105421.720:ERROR:process_reader_win.cc(123)] NtOpenThread: {Access Denied} A process has requested access to an object, but has not been granted those access rights. (0xc0000022)
[0810/105421.720:ERROR:exception_snapshot_win.cc(98)] thread ID 40228 not found in process
[0810/105421.735:ERROR:process_reader_win.cc(123)] NtOpenThread: {Access Denied} A process has requested access to an object, but has not been granted those access rights. (0xc0000022)
[0810/105421.735:ERROR:exception_snapshot_win.cc(98)] thread ID 31424 not found in process
[0810/105421.758:ERROR:process_reader_win.cc(123)] NtOpenThread: {Access Denied} A process has requested access to an object, but has not been granted those access rights. (0xc0000022)
[0810/105421.758:ERROR:exception_snapshot_win.cc(98)] thread ID 39100 not found in process
[0810/105421.776:ERROR:process_reader_win.cc(123)] NtOpenThread: {Access Denied} A process has requested access to an object, but has not been granted those access rights. (0xc0000022)
[0810/105421.776:ERROR:exception_snapshot_win.cc(98)] thread ID 24100 not found in process
[0810/110833.217:ERROR:process_reader_win.cc(123)] NtOpenThread: {Access Denied} A process has requested access to an object, but has not been granted those access rights. (0xc0000022)
[0810/110833.218:ERROR:exception_snapshot_win.cc(98)] thread ID 41780 not found in process
[0810/110833.232:ERROR:process_reader_win.cc(123)] NtOpenThread: {Access Denied} A process has requested access to an object, but has not been granted those access rights. (0xc0000022)
[0810/110833.233:ERROR:exception_snapshot_win.cc(98)] thread ID 15640 not found in process
[0810/110833.270:ERROR:process_reader_win.cc(151)] SuspendThread: Access is denied. (0x5)
[0810/110833.271:ERROR:process_reader_win.cc(123)] NtOpenThread: {Access Denied} A process has requested access to an object, but has not been granted those access rights. (0xc0000022)
[0810/110833.271:ERROR:exception_snapshot_win.cc(98)] thread ID 31384 not found in process
[0810/110833.295:ERROR:process_reader_win.cc(123)] NtOpenThread: {Access Denied} A process has requested access to an object, but has not been granted those access rights. (0xc0000022)
[0810/110833.297:ERROR:exception_snapshot_win.cc(98)] thread ID 26600 not found in process
[0810/110833.313:ERROR:process_reader_win.cc(123)] NtOpenThread: {Access Denied} A process has requested access to an object, but has not been granted those access rights. (0xc0000022)
[0810/110833.314:ERROR:exception_snapshot_win.cc(98)] thread ID 18568 not found in process
[0810/110833.323:ERROR:process_reader_win.cc(123)] NtOpenThread: {Access Denied} A process has requested access to an object, but has not been granted those access rights. (0xc0000022)
[0810/110833.324:ERROR:exception_snapshot_win.cc(98)] thread ID 13404 not found in process
[0810/110833.390:ERROR:process_reader_win.cc(123)] NtOpenThread: {Access Denied} A process has requested access to an object, but has not been granted those access rights. (0xc0000022)
[0810/110833.391:ERROR:exception_snapshot_win.cc(98)] thread ID 23384 not found in process
[0810/110833.404:ERROR:process_reader_win.cc(123)] NtOpenThread: {Access Denied} A process has requested access to an object, but has not been granted those access rights. (0xc0000022)
[0810/110833.404:ERROR:exception_snapshot_win.cc(98)] thread ID 39344 not found in process
[0810/110833.436:ERROR:process_reader_win.cc(123)] NtOpenThread: {Access Denied} A process has requested access to an object, but has not been granted those access rights. (0xc0000022)
[0810/110833.436:ERROR:exception_snapshot_win.cc(98)] thread ID 5316 not found in process
[0810/110833.436:ERROR:process_reader_win.cc(123)] NtOpenThread: {Access Denied} A process has requested access to an object, but has not been granted those access rights. (0xc0000022)
[0810/110833.436:ERROR:exception_snapshot_win.cc(98)] thread ID 33528 not found in process
[0810/110833.458:ERROR:process_reader_win.cc(123)] NtOpenThread: {Access Denied} A process has requested access to an object, but has not been granted those access rights. (0xc0000022)
[0810/110833.458:ERROR:exception_snapshot_win.cc(98)] thread ID 28960 not found in process
[0810/110833.466:ERROR:process_reader_win.cc(151)] SuspendThread: Access is denied. (0x5)
[0810/110833.467:ERROR:process_reader_win.cc(151)] SuspendThread: Access is denied. (0x5)
[0810/110833.467:ERROR:process_reader_win.cc(123)] NtOpenThread: {Access Denied} A process has requested access to an object, but has not been granted those access rights. (0xc0000022)
[0810/110833.467:ERROR:exception_snapshot_win.cc(98)] thread ID 1204 not found in process
[0810/110833.472:ERROR:process_reader_win.cc(123)] NtOpenThread: {Access Denied} A process has requested access to an object, but has not been granted those access rights. (0xc0000022)
[0810/110833.472:ERROR:exception_snapshot_win.cc(98)] thread ID 33744 not found in process
[0810/110833.479:ERROR:process_reader_win.cc(108)] process 6780 not found
[0810/110833.479:ERROR:exception_snapshot_win.cc(98)] thread ID 36836 not found in process
[0810/110833.483:ERROR:process_reader_win.cc(123)] NtOpenThread: {Access Denied} A process has requested access to an object, but has not been granted those access rights. (0xc0000022)
[0810/110833.483:ERROR:exception_snapshot_win.cc(98)] thread ID 43132 not found in process
[0810/110833.479:ERROR:scoped_process_suspend.cc(40)] NtResumeProcess: An attempt was made to access an exiting process. (0xc000010a)
[0810/110833.489:ERROR:process_reader_win.cc(123)] NtOpenThread: {Access Denied} A process has requested access to an object, but has not been granted those access rights. (0xc0000022)
[0810/110833.489:ERROR:exception_snapshot_win.cc(98)] thread ID 33716 not found in process
[0810/110833.632:ERROR:process_info.cc(329)] VirtualQueryEx: Access is denied. (0x5)
[0810/110833.632:ERROR:process_info.cc(556)] ReadMemoryInfo failed
[0810/110833.632:ERROR:process_memory_win.cc(39)] Failed to initialize ProcessInfo.
[0810/110833.632:ERROR:scoped_process_suspend.cc(40)] NtResumeProcess: An attempt was made to access an exiting process. (0xc000010a)
[0810/111238.069:ERROR:process_reader_win.cc(123)] NtOpenThread: {Access Denied} A process has requested access to an object, but has not been granted those access rights. (0xc0000022)
[0810/111238.070:ERROR:exception_snapshot_win.cc(98)] thread ID 1552 not found in process
[0810/111238.151:ERROR:process_reader_win.cc(123)] NtOpenThread: {Access Denied} A process has requested access to an object, but has not been granted those access rights. (0xc0000022)
[0810/111238.151:ERROR:exception_snapshot_win.cc(98)] thread ID 30708 not found in process
[0810/111238.151:ERROR:process_reader_win.cc(123)] NtOpenThread: {Access Denied} A process has requested access to an object, but has not been granted those access rights. (0xc0000022)
[0810/111238.152:ERROR:exception_snapshot_win.cc(98)] thread ID 37652 not found in process
[0810/111238.166:ERROR:process_reader_win.cc(123)] NtOpenThread: {Access Denied} A process has requested access to an object, but has not been granted those access rights. (0xc0000022)
[0810/111238.166:ERROR:exception_snapshot_win.cc(98)] thread ID 29200 not found in process
[0810/111254.760:ERROR:process_reader_win.cc(123)] NtOpenThread: {Access Denied} A process has requested access to an object, but has not been granted those access rights. (0xc0000022)
[0810/111254.760:ERROR:exception_snapshot_win.cc(98)] thread ID 7528 not found in process
[0810/111254.814:ERROR:process_reader_win.cc(123)] NtOpenThread: {Access Denied} A process has requested access to an object, but has not been granted those access rights. (0xc0000022)
[0810/111254.814:ERROR:exception_snapshot_win.cc(98)] thread ID 1096 not found in process
